<?xml version="1.0" encoding="UTF-8"?>
<!-- Generated by org.testng.reporters.JUnitXMLReporter -->
<testsuite hostname="MengfeifeideMac-Mini.local" name="Test" tests="1" failures="0" timestamp="28 Sep 2017 03:36:41 GMT" time="58.065" errors="0">
  <testcase name="@BeforeMethod setUp" time="0.0" classname="AiXuepai.BaiBanRecordingTriangleTest">
    <failure type="org.openqa.selenium.SessionNotCreatedException" message="Unable to create new remote session. desired capabilities = Capabilities [{appPackage=com.etiantian.pclass, platformVersion=5.0.1, browserName=, unicodeKeyboard=True, platformName=Android, deviceName=89OJW89L99999999, resetKeyboard=True}], required capabilities = Capabilities [{}]
Build info: version: &amp;apos;3.6.0&amp;apos;, revision: &amp;apos;6fbf3ec767&amp;apos;, time: &amp;apos;2017-09-27T15:28:36.4Z&amp;apos;
System info: host: &amp;apos;MengfeifeideMac-Mini.local&amp;apos;, ip: &amp;apos;10.20.30.108&amp;apos;, os.name: &amp;apos;Mac OS X&amp;apos;, os.arch: &amp;apos;x86_64&amp;apos;, os.version: &amp;apos;10.12.6&amp;apos;, java.version: &amp;apos;1.8.0_121&amp;apos;
Driver info: driver.version: AndroidDriver">
      <![CDATA[org.openqa.selenium.SessionNotCreatedException: Unable to create new remote session. desired capabilities = Capabilities [{appPackage=com.etiantian.pclass, platformVersion=5.0.1, browserName=, unicodeKeyboard=True, platformName=Android, deviceName=89OJW89L99999999, resetKeyboard=True}], required capabilities = Capabilities [{}]
Build info: version: '3.6.0', revision: '6fbf3ec767', time: '2017-09-27T15:28:36.4Z'
System info: host: 'MengfeifeideMac-Mini.local', ip: '10.20.30.108', os.name: 'Mac OS X', os.arch: 'x86_64', os.version: '10.12.6', java.version: '1.8.0_121'
Driver info: driver.version: AndroidDriver
	at io.appium.java_client.remote.AppiumProtocolHandShake.lambda$1(AppiumProtocolHandShake.java:96)
	at java.util.Optional.orElseThrow(Optional.java:290)
	at io.appium.java_client.remote.AppiumProtocolHandShake.createSession(AppiumProtocolHandShake.java:96)
	at io.appium.java_client.remote.AppiumCommandExecutor.doExecute(AppiumCommandExecutor.java:111)
	at io.appium.java_client.remote.AppiumCommandExecutor.execute(AppiumCommandExecutor.java:162)
	at org.openqa.selenium.remote.RemoteWebDriver.execute(RemoteWebDriver.java:586)
	at io.appium.java_client.DefaultGenericMobileDriver.execute(DefaultGenericMobileDriver.java:42)
	at io.appium.java_client.AppiumDriver.execute(AppiumDriver.java:1)
	at io.appium.java_client.android.AndroidDriver.execute(AndroidDriver.java:1)
	at org.openqa.selenium.remote.RemoteWebDriver.startSession(RemoteWebDriver.java:217)
	at org.openqa.selenium.remote.RemoteWebDriver.<init>(RemoteWebDriver.java:140)
	at io.appium.java_client.DefaultGenericMobileDriver.<init>(DefaultGenericMobileDriver.java:38)
	at io.appium.java_client.AppiumDriver.<init>(AppiumDriver.java:88)
	at io.appium.java_client.AppiumDriver.<init>(AppiumDriver.java:112)
	at io.appium.java_client.android.AndroidDriver.<init>(AndroidDriver.java:73)
	at AiXuepai.BaiBanRecordingTriangleTest.setUp(BaiBanRecordingTriangleTest.java:38)
... Removed 29 stack frames]]>
    </failure>
  </testcase> <!-- @BeforeMethod setUp -->
  <testcase name="@AfterMethod tearDown" time="0.0" classname="AiXuepai.BaiBanRecordingTriangleTest">
    <skipped/>
  </testcase> <!-- @AfterMethod tearDown -->
  <testcase name="recordTriangleTest" time="0.001" classname="AiXuepai.BaiBanRecordingTriangleTest">
    <skipped/>
  </testcase> <!-- recordTriangleTest -->
</testsuite> <!-- Test -->
